<?xml version="1.0" encoding="UTF-8"?>
<testsuite xmlns:xsi="http://www.w3.org/2001/XMLSchema-instance" xsi:noNamespaceSchemaLocation="https://maven.apache.org/surefire/maven-surefire-plugin/xsd/surefire-test-report.xsd" version="3.0.2" name="com.br.artefrequencia.ApiArteFrequencia.ApiArteFrequenciaApplicationTests" time="24.577" tests="1" errors="0" skipped="0" failures="0">
  <properties>
[...]
</properties>
  <testcase name="contextLoads" classname="com.br.artefrequencia.ApiArteFrequencia.ApiArteFrequenciaApplicationTests" time="1.211">
    <system-out><![CDATA[17:24:51.831 [main] INFO org.springframework.test.context.support.AnnotationConfigContextLoaderUtils -- Could not detect default configuration classes for test class [com.br.artefrequencia.ApiArteFrequencia.ApiArteFrequenciaApplicationTests]: ApiArteFrequenciaApplicationTests does not declare any static, non-private, non-final, nested classes annotated with @Configuration.
17:24:52.168 [main] INFO org.springframework.boot.test.context.SpringBootTestContextBootstrapper -- Found @SpringBootConfiguration com.br.artefrequencia.ApiArteFrequencia.ApiArteFrequenciaApplication for test class com.br.artefrequencia.ApiArteFrequencia.ApiArteFrequenciaApplicationTests
17:24:52.621 [main] INFO org.springframework.boot.devtools.restart.RestartApplicationListener -- Restart disabled due to context in which it is running

  .   ____          _            __ _ _
 /\\ / ___'_ __ _ _(_)_ __  __ _ \ \ \ \
( ( )\___ | '_ | '_| | '_ \/ _` | \ \ \ \
 \\/  ___)| |_)| | | | | || (_| |  ) ) ) )
  '  |____| .__|_| |_|_| |_\__, | / / / /
 =========|_|==============|___/=/_/_/_/

 :: Spring Boot ::                (v3.5.7)

2025-11-04T17:24:53.578-03:00  INFO 15132 --- [ApiArteFrequencia] [           main] .b.a.A.ApiArteFrequenciaApplicationTests : Starting ApiArteFrequenciaApplicationTests using Java 21.0.8 with PID 15132 (started by Flavia in C:\Users\Flavia\Desktop\ApiArteFrequencia)
2025-11-04T17:24:53.578-03:00  INFO 15132 --- [ApiArteFrequencia] [           main] .b.a.A.ApiArteFrequenciaApplicationTests : No active profile set, falling back to 1 default profile: "default"
2025-11-04T17:24:57.418-03:00  INFO 15132 --- [ApiArteFrequencia] [           main] .s.d.r.c.RepositoryConfigurationDelegate : Bootstrapping Spring Data JPA repositories in DEFAULT mode.
2025-11-04T17:24:57.606-03:00  INFO 15132 --- [ApiArteFrequencia] [           main] .s.d.r.c.RepositoryConfigurationDelegate : Finished Spring Data repository scanning in 164 ms. Found 4 JPA repository interfaces.
2025-11-04T17:24:59.215-03:00  INFO 15132 --- [ApiArteFrequencia] [           main] o.hibernate.jpa.internal.util.LogHelper  : HHH000204: Processing PersistenceUnitInfo [name: default]
2025-11-04T17:24:59.502-03:00  INFO 15132 --- [ApiArteFrequencia] [           main] org.hibernate.Version                    : HHH000412: Hibernate ORM core version 6.6.33.Final
2025-11-04T17:24:59.637-03:00  INFO 15132 --- [ApiArteFrequencia] [           main] o.h.c.internal.RegionFactoryInitiator    : HHH000026: Second-level cache disabled
2025-11-04T17:25:00.669-03:00  INFO 15132 --- [ApiArteFrequencia] [           main] o.s.o.j.p.SpringPersistenceUnitInfo      : No LoadTimeWeaver setup: ignoring JPA class transformer
2025-11-04T17:25:00.785-03:00  INFO 15132 --- [ApiArteFrequencia] [           main] com.zaxxer.hikari.HikariDataSource       : HikariPool-1 - Starting...
2025-11-04T17:25:02.058-03:00  INFO 15132 --- [ApiArteFrequencia] [           main] com.zaxxer.hikari.pool.HikariPool        : HikariPool-1 - Added connection com.mysql.cj.jdbc.ConnectionImpl@62b786dc
2025-11-04T17:25:02.074-03:00  INFO 15132 --- [ApiArteFrequencia] [           main] com.zaxxer.hikari.HikariDataSource       : HikariPool-1 - Start completed.
2025-11-04T17:25:02.135-03:00  WARN 15132 --- [ApiArteFrequencia] [           main] org.hibernate.orm.deprecation            : HHH90000025: MySQL8Dialect does not need to be specified explicitly using 'hibernate.dialect' (remove the property setting and it will be selected by default)
2025-11-04T17:25:02.138-03:00  WARN 15132 --- [ApiArteFrequencia] [           main] org.hibernate.orm.deprecation            : HHH90000026: MySQL8Dialect has been deprecated; use org.hibernate.dialect.MySQLDialect instead
2025-11-04T17:25:02.229-03:00  INFO 15132 --- [ApiArteFrequencia] [           main] org.hibernate.orm.connections.pooling    : HHH10001005: Database info:
	Database JDBC URL [Connecting through datasource 'HikariDataSource (HikariPool-1)']
	Database driver: undefined/unknown
	Database version: 8.0
	Autocommit mode: undefined/unknown
	Isolation level: undefined/unknown
	Minimum pool size: undefined/unknown
	Maximum pool size: undefined/unknown
2025-11-04T17:25:04.977-03:00  INFO 15132 --- [ApiArteFrequencia] [           main] o.h.e.t.j.p.i.JtaPlatformInitiator       : HHH000489: No JTA platform available (set 'hibernate.transaction.jta.platform' to enable JTA platform integration)
Hibernate: alter table administracao modify column email VARCHAR(100) not null
Hibernate: alter table administracao modify column nome VARCHAR(150) not null
Hibernate: alter table administracao modify column usuario VARCHAR(60) not null
Hibernate: alter table alunos modify column bairro VARCHAR(100)
Hibernate: alter table alunos modify column cidade VARCHAR(100)
Hibernate: alter table alunos modify column cpf VARCHAR(15)
Hibernate: alter table alunos modify column data_exped_rg VARCHAR(15)
Hibernate: alter table alunos modify column data_nascimento VARCHAR(15) not null
Hibernate: alter table alunos modify column descricao_atividades_extras VARCHAR(150)
Hibernate: alter table alunos modify column descricao_necessidades_especiais VARCHAR(150)
Hibernate: alter table alunos modify column email_responsavel VARCHAR(150) not null
Hibernate: alter table alunos modify column escola VARCHAR(150)
Hibernate: alter table alunos modify column estado VARCHAR(100)
Hibernate: alter table alunos modify column filiacao_mae VARCHAR(150)
Hibernate: alter table alunos modify column filiacao_pai VARCHAR(150)
Hibernate: alter table alunos modify column medicacao VARCHAR(150)
Hibernate: alter table alunos modify column nome VARCHAR(150) not null
Hibernate: alter table alunos modify column orgao_exp VARCHAR(15)
Hibernate: alter table alunos modify column possui_doenca VARCHAR(150)
Hibernate: alter table alunos modify column qual_doenca VARCHAR(150)
Hibernate: alter table alunos modify column responsavel VARCHAR(150)
Hibernate: alter table alunos modify column rg VARCHAR(15)
Hibernate: alter table alunos modify column rn VARCHAR(15)
Hibernate: alter table alunos modify column serieturma VARCHAR(150)
Hibernate: alter table alunos modify column telefone_mae VARCHAR(15)
Hibernate: alter table alunos modify column telefone_pai VARCHAR(15)
Hibernate: alter table alunos modify column telefone_responsavel VARCHAR(15)
Hibernate: alter table alunos modify column tipo_sanguineo VARCHAR(150)
Hibernate: alter table alunos modify column turnoesc VARCHAR(150)
Hibernate: alter table colaborador modify column apelido VARCHAR(50)
Hibernate: alter table colaborador modify column area_instrucao VARCHAR(100)
Hibernate: alter table colaborador modify column cpf VARCHAR(15) not null
Hibernate: alter table colaborador modify column data_exped_rg VARCHAR(15)
Hibernate: alter table colaborador modify column data_nascimento VARCHAR(15) not null
Hibernate: alter table colaborador modify column email VARCHAR(150) not null
Hibernate: alter table colaborador modify column formacao VARCHAR(100) not null
Hibernate: alter table colaborador modify column nome VARCHAR(150) not null
Hibernate: alter table colaborador modify column rede_social VARCHAR(50)
Hibernate: alter table colaborador modify column rg VARCHAR(15) not null
Hibernate: alter table colaborador modify column telefone VARCHAR(15) not null
2025-11-04T17:25:11.439-03:00  INFO 15132 --- [ApiArteFrequencia] [           main] j.LocalContainerEntityManagerFactoryBean : Initialized JPA EntityManagerFactory for persistence unit 'default'
2025-11-04T17:25:13.122-03:00  WARN 15132 --- [ApiArteFrequencia] [           main] JpaBaseConfiguration$JpaWebConfiguration : spring.jpa.open-in-view is enabled by default. Therefore, database queries may be performed during view rendering. Explicitly configure spring.jpa.open-in-view to disable this warning
2025-11-04T17:25:14.639-03:00  INFO 15132 --- [ApiArteFrequencia] [           main] .b.a.A.ApiArteFrequenciaApplicationTests : Started ApiArteFrequenciaApplicationTests in 22.05 seconds (process running for 25.898)
]]></system-out>
    <system-err><![CDATA[Mockito is currently self-attaching to enable the inline-mock-maker. This will no longer work in future releases of the JDK. Please add Mockito as an agent to your build as described in Mockito's documentation: https://javadoc.io/doc/org.mockito/mockito-core/latest/org.mockito/org/mockito/Mockito.html#0.3
WARNING: A Java agent has been loaded dynamically (C:\Users\Flavia\.m2\repository\net\bytebuddy\byte-buddy-agent\1.17.8\byte-buddy-agent-1.17.8.jar)
WARNING: If a serviceability tool is in use, please run with -XX:+EnableDynamicAgentLoading to hide this warning
WARNING: If a serviceability tool is not in use, please run with -Djdk.instrument.traceUsage for more information
WARNING: Dynamic loading of agents will be disallowed by default in a future release
]]></system-err>
  </testcase>
</testsuite>